<?xml version="1.0" encoding="UTF-8"?>
<!-- Generated by org.testng.reporters.JUnitXMLReporter -->
<testsuite ignored="0" hostname="Pavilion_HHN" failures="2" tests="3" name="Command line test" time="12.17" errors="0" timestamp="2026-04-13T10:38:30 CLT">
  <testcase classname="testClass.HomePageTest" name="@BeforeMethod setup" time="1.986">
    <failure type="java.lang.NoClassDefFoundError" message="Could not initialize class config.Config">
      <![CDATA[java.lang.NoClassDefFoundError: Could not initialize class config.Config
at testClass.HomePageTest.setup(HomePageTest.java:41)
at java.base/java.util.ArrayList.forEach(ArrayList.java:1604)
at testSuite.Prueba.main(Prueba.java:16)
Caused by: java.lang.ExceptionInInitializerError: Exception io.github.cdimascio.dotenv.DotenvException: Could not find /.env on the classpath [in thread "main"]
at io.github.cdimascio.dotenv.internal.ClasspathHelper.loadFileFromClasspath(ClasspathHelper.java:25)
at io.github.cdimascio.dotenv.internal.DotenvReader.read(DotenvReader.java:55)
at io.github.cdimascio.dotenv.internal.DotenvParser.lines(DotenvParser.java:87)
at io.github.cdimascio.dotenv.internal.DotenvParser.parse(DotenvParser.java:60)
at io.github.cdimascio.dotenv.DotenvBuilder.load(DotenvBuilder.java:76)
at io.github.cdimascio.dotenv.Dotenv.load(Dotenv.java:38)
at config.Config.<clinit>(Config.java:6)
at testClass.LogInPageTest.ingresoUsuarioCorrecto(LogInPageTest.java:66)
... 20 more
... Removed 30 stack frames]]>
    </failure>
  </testcase> <!-- @BeforeMethod setup -->
  <testcase classname="testClass.HomePageTest" name="@AfterMethod tearDown" time="0.0">
    <skipped/>
  </testcase> <!-- @AfterMethod tearDown -->
  <testcase classname="testClass.LogInPageTest" name="ingresoUsuarioCorrecto" time="0.006">
    <failure type="java.lang.ExceptionInInitializerError">
      <![CDATA[java.lang.ExceptionInInitializerError
at testClass.LogInPageTest.ingresoUsuarioCorrecto(LogInPageTest.java:66)
at java.base/java.util.ArrayList.forEach(ArrayList.java:1604)
at testSuite.Prueba.main(Prueba.java:16)
Caused by: io.github.cdimascio.dotenv.DotenvException: Could not find /.env on the classpath
at io.github.cdimascio.dotenv.internal.ClasspathHelper.loadFileFromClasspath(ClasspathHelper.java:25)
at io.github.cdimascio.dotenv.internal.DotenvReader.read(DotenvReader.java:55)
at io.github.cdimascio.dotenv.internal.DotenvParser.lines(DotenvParser.java:87)
at io.github.cdimascio.dotenv.internal.DotenvParser.parse(DotenvParser.java:60)
at io.github.cdimascio.dotenv.DotenvBuilder.load(DotenvBuilder.java:76)
at io.github.cdimascio.dotenv.Dotenv.load(Dotenv.java:38)
at config.Config.<clinit>(Config.java:6)
... 25 more
Suppressed: io.github.cdimascio.dotenv.DotenvException: Could not find .\.env on the file system (working directory: D:\transform-cv-QA)
at io.github.cdimascio.dotenv.internal.DotenvReader.read(DotenvReader.java:60)
... 30 more
... Removed 22 stack frames]]>
    </failure>
  </testcase> <!-- ingresoUsuarioCorrecto -->
  <testcase classname="testClass.LogInPageTest" name="ingresoUsuarioIncorrecto" time="5.127">
    <failure type="org.openqa.selenium.NoSuchSessionException" message="invalid session id: session deleted as the browser has closed the connection
from disconnected: not connected to DevTools
  (Session info: chrome=146.0.7680.178)
Build info: version: &amp;apos;4.41.0&amp;apos;, revision: &amp;apos;9fc754f&amp;apos;
System info: os.name: &amp;apos;Windows 11&amp;apos;, os.arch: &amp;apos;amd64&amp;apos;, os.version: &amp;apos;10.0&amp;apos;, java.version: &amp;apos;25.0.2&amp;apos;
Driver info: org.openqa.selenium.chrome.ChromeDriver
Command: [b6eedfe3cf282adb214e44865d7327ec, findElement {value=//div[contains(text(),&amp;apos;error&amp;apos;) or contains(text(),&amp;apos;incorrect&amp;apos;)], using=xpath}]
Capabilities {acceptInsecureCerts: false, browserName: chrome, browserVersion: 146.0.7680.178, chrome: {chromedriverVersion: 146.0.7680.165 (4b989da09e1..., userDataDir: C:\Users\harol\AppData\Loca...}, fedcm:accounts: true, goog:chromeOptions: {debuggerAddress: localhost:55081}, goog:processID: 13228, networkConnectionEnabled: false, pageLoadStrategy: normal, platformName: windows, proxy: Proxy(), se:cdp: ws://localhost:55081/devtoo..., se:cdpVersion: 146.0.7680.178, setWindowRect: true, strictFileInteractability: false, timeouts: {implicit: 0, pageLoad: 300000, script: 30000}, unhandledPromptBehavior: dismiss and notify, webauthn:extension:credBlob: true, webauthn:extension:largeBlob: true, webauthn:extension:minPinLength: true, webauthn:extension:prf: true, webauthn:virtualAuthenticators: true}
Session ID: b6eedfe3cf282adb214e44865d7327ec">
      <![CDATA[org.openqa.selenium.NoSuchSessionException: invalid session id: session deleted as the browser has closed the connection
from disconnected: not connected to DevTools
  (Session info: chrome=146.0.7680.178)
Build info: version: '4.41.0', revision: '9fc754f'
System info: os.name: 'Windows 11', os.arch: 'amd64', os.version: '10.0', java.version: '25.0.2'
Driver info: org.openqa.selenium.chrome.ChromeDriver
Command: [b6eedfe3cf282adb214e44865d7327ec, findElement {value=//div[contains(text(),'error') or contains(text(),'incorrect')], using=xpath}]
Capabilities {acceptInsecureCerts: false, browserName: chrome, browserVersion: 146.0.7680.178, chrome: {chromedriverVersion: 146.0.7680.165 (4b989da09e1..., userDataDir: C:\Users\harol\AppData\Loca...}, fedcm:accounts: true, goog:chromeOptions: {debuggerAddress: localhost:55081}, goog:processID: 13228, networkConnectionEnabled: false, pageLoadStrategy: normal, platformName: windows, proxy: Proxy(), se:cdp: ws://localhost:55081/devtoo..., se:cdpVersion: 146.0.7680.178, setWindowRect: true, strictFileInteractability: false, timeouts: {implicit: 0, pageLoad: 300000, script: 30000}, unhandledPromptBehavior: dismiss and notify, webauthn:extension:credBlob: true, webauthn:extension:largeBlob: true, webauthn:extension:minPinLength: true, webauthn:extension:prf: true, webauthn:virtualAuthenticators: true}
Session ID: b6eedfe3cf282adb214e44865d7327ec
at org.openqa.selenium.remote.ErrorCodec.decode(ErrorCodec.java:169)
at org.openqa.selenium.remote.codec.w3c.W3CHttpResponseCodec.decode(W3CHttpResponseCodec.java:142)
at org.openqa.selenium.remote.codec.w3c.W3CHttpResponseCodec.decode(W3CHttpResponseCodec.java:49)
at org.openqa.selenium.remote.HttpCommandExecutor.execute(HttpCommandExecutor.java:223)
at org.openqa.selenium.remote.service.DriverCommandExecutor.invokeExecute(DriverCommandExecutor.java:216)
at org.openqa.selenium.remote.service.DriverCommandExecutor.execute(DriverCommandExecutor.java:174)
at org.openqa.selenium.remote.RemoteWebDriver.execute(RemoteWebDriver.java:604)
at org.openqa.selenium.remote.ElementLocation$ElementFinder$2.findElement(ElementLocation.java:166)
at org.openqa.selenium.remote.ElementLocation.findElement(ElementLocation.java:60)
at org.openqa.selenium.remote.RemoteWebDriver.findElement(RemoteWebDriver.java:427)
at org.openqa.selenium.remote.RemoteWebDriver.findElement(RemoteWebDriver.java:421)
at org.openqa.selenium.support.ui.ExpectedConditions$7.apply(ExpectedConditions.java:222)
at org.openqa.selenium.support.ui.ExpectedConditions$7.apply(ExpectedConditions.java:215)
at org.openqa.selenium.support.ui.FluentWait.until(FluentWait.java:209)
at testClass.LogInPageTest.ingresoUsuarioIncorrecto(LogInPageTest.java:52)
at java.base/java.util.ArrayList.forEach(ArrayList.java:1604)
at testSuite.Prueba.main(Prueba.java:16)
... Removed 22 stack frames]]>
    </failure>
  </testcase> <!-- ingresoUsuarioIncorrecto -->
  <testcase classname="testClass.HomePageTest" name="cambiarContraseña" time="0.0">
    <skipped/>
  </testcase> <!-- cambiarContraseña -->
</testsuite> <!-- Command line test -->
