<?xml version="1.0" encoding="UTF-8"?>
<!-- Generated by org.testng.reporters.JUnitReportReporter -->
<testsuite hostname="Pavilion_HHN" failures="0" tests="2" name="testClass.HomePageTest" time="1.986" errors="1" timestamp="2026-04-13T10:38:30 CLT" skipped="1">
  <testcase classname="testClass.HomePageTest" name="cambiarContraseña" time="0.000">
    <skipped/>
  </testcase> <!-- cambiarContraseña -->
  <testcase classname="testClass.HomePageTest" name="setup" time="1.986">
    <error message="Could not initialize class config.Config" type="java.lang.NoClassDefFoundError">
      <![CDATA[java.lang.NoClassDefFoundError: Could not initialize class config.Config
at testClass.HomePageTest.setup(HomePageTest.java:41)
at java.base/jdk.internal.reflect.DirectMethodHandleAccessor.invoke(DirectMethodHandleAccessor.java:104)
at java.base/java.lang.reflect.Method.invoke(Method.java:565)
at org.testng.internal.invokers.MethodInvocationHelper.invokeMethod(MethodInvocationHelper.java:141)
at org.testng.internal.invokers.MethodInvocationHelper.invokeMethodConsideringTimeout(MethodInvocationHelper.java:71)
at org.testng.internal.invokers.ConfigInvoker.invokeConfigurationMethod(ConfigInvoker.java:400)
at org.testng.internal.invokers.ConfigInvoker.invokeConfigurations(ConfigInvoker.java:333)
at org.testng.internal.invokers.TestInvoker.runConfigMethods(TestInvoker.java:833)
at org.testng.internal.invokers.TestInvoker.invokeMethod(TestInvoker.java:600)
at org.testng.internal.invokers.TestInvoker.invokeTestMethod(TestInvoker.java:230)
at org.testng.internal.invokers.MethodRunner.runInSequence(MethodRunner.java:63)
at org.testng.internal.invokers.TestInvoker$MethodInvocationAgent.invoke(TestInvoker.java:992)
at org.testng.internal.invokers.TestInvoker.invokeTestMethods(TestInvoker.java:203)
at org.testng.internal.invokers.TestMethodWorker.invokeTestMethods(TestMethodWorker.java:154)
at org.testng.internal.invokers.TestMethodWorker.run(TestMethodWorker.java:134)
at java.base/java.util.ArrayList.forEach(ArrayList.java:1604)
at org.testng.TestRunner.privateRun(TestRunner.java:739)
at org.testng.TestRunner.run(TestRunner.java:614)
at org.testng.SuiteRunner.runTest(SuiteRunner.java:421)
at org.testng.SuiteRunner.runSequentially(SuiteRunner.java:413)
at org.testng.SuiteRunner.privateRun(SuiteRunner.java:373)
at org.testng.SuiteRunner.run(SuiteRunner.java:312)
at org.testng.SuiteRunnerWorker.runSuite(SuiteRunnerWorker.java:52)
at org.testng.SuiteRunnerWorker.run(SuiteRunnerWorker.java:95)
at org.testng.TestNG.runSuitesSequentially(TestNG.java:1274)
at org.testng.TestNG.runSuitesLocally(TestNG.java:1208)
at org.testng.TestNG.runSuites(TestNG.java:1112)
at org.testng.TestNG.run(TestNG.java:1079)
at testSuite.Prueba.main(Prueba.java:16)
Caused by: java.lang.ExceptionInInitializerError: Exception io.github.cdimascio.dotenv.DotenvException: Could not find /.env on the classpath [in thread "main"]
at io.github.cdimascio.dotenv.internal.ClasspathHelper.loadFileFromClasspath(ClasspathHelper.java:25)
at io.github.cdimascio.dotenv.internal.DotenvReader.read(DotenvReader.java:55)
at io.github.cdimascio.dotenv.internal.DotenvParser.lines(DotenvParser.java:87)
at io.github.cdimascio.dotenv.internal.DotenvParser.parse(DotenvParser.java:60)
at io.github.cdimascio.dotenv.DotenvBuilder.load(DotenvBuilder.java:76)
at io.github.cdimascio.dotenv.Dotenv.load(Dotenv.java:38)
at config.Config.<clinit>(Config.java:6)
at testClass.LogInPageTest.ingresoUsuarioCorrecto(LogInPageTest.java:66)
at java.base/jdk.internal.reflect.DirectMethodHandleAccessor.invoke(DirectMethodHandleAccessor.java:104)
at java.base/java.lang.reflect.Method.invoke(Method.java:565)
at org.testng.internal.invokers.MethodInvocationHelper.invokeMethod(MethodInvocationHelper.java:141)
at org.testng.internal.invokers.TestInvoker.invokeMethod(TestInvoker.java:686)
... 20 more
]]>
    </error>
  </testcase> <!-- setup -->
</testsuite> <!-- testClass.HomePageTest -->
